<?xml version="1.0" encoding="utf-8"?>
<shfbBuild product="Sandcastle Help File Builder" version="2015.1.12.0" projectFile="C:\Jenkins\workspace\affdex-sdk-win32\build\doxygen\Affdex.shfbproj" started="2/2/2017 4:30:47 PM">
<buildStep step="Initializing">
Finding tools...
The Sandcastle tools are located in &#39;C:\Program Files (x86)\EWSoftware\Sandcastle Help File Builder\&#39;
Locating components in the following folder(s):
   C:\Jenkins\workspace\affdex-sdk-win32\build\doxygen
Using presentation style &#39;VS2013&#39; located in &#39;C:\Program Files (x86)\EWSoftware\Sandcastle Help File Builder\PresentationStyles\VS2013&#39;
Loading and initializing plug-ins...
Lightweight Website Style Version 2015.1.12.0
Copyright &#169; 2006-2015, Eric Woodruff, All Rights Reserved
Portions Copyright &#169; 2014, Sam Harwell, All Rights Reserved
</buildStep>
<buildStep step="ValidatingDocumentationSources">
Validating and copying documentation source information
Source: C:\Jenkins\workspace\affdex-sdk-win32\build\bin\Release\Affdex.dll
    Found assembly &#39;C:\Jenkins\workspace\affdex-sdk-win32\build\bin\Release\Affdex.dll&#39;
Source: C:\Jenkins\workspace\affdex-sdk-win32\build\bin\Release\Affdex.xml

Copying XML comments files
    C:\Jenkins\workspace\affdex-sdk-win32\build\bin\Release\Affdex.xml -&gt; C:\Jenkins\workspace\affdex-sdk-win32\build\docs\Affdex\Working\Affdex.xml
</buildStep>
<buildStep step="GenerateSharedContent">
Generating shared content files (en-US, English (United States))...
<plugIn name="Lightweight Website Style" behavior="After" priority="1000">
</plugIn>    Last step completed in 00:00:00.0420
</buildStep>
<buildStep step="GenerateApiFilter">
Generating API filter for MRefBuilder...
    Last step completed in 00:00:00.0070
</buildStep>
<buildStep step="GenerateReflectionInfo">
Generating reflection information...
[C:\Program Files (x86)\MSBuild\12.0\bin\MSBuild.exe]
Build started 2/2/2017 4:30:48 PM.
Project &quot;C:\Jenkins\workspace\affdex-sdk-win32\build\docs\Affdex\Working\GenerateRefInfo.proj&quot; on node 1 (default targets).
PrepareForBuild:
  Creating directory &quot;obj\Debug\&quot;.
GenerateRefInfo:
  MRefBuilder (v2015.1.12.0)
  Copyright c 2006-2015, Microsoft Corporation, All Rights Reserved.
  Portions Copyright c 2006-2014, Eric Woodruff, All Rights Reserved.
  Loaded 1 assemblies for reflection and 1 dependency assemblies.
  Wrote information on 1 namespaces, 26 types, and 238 members
  Copying file from &quot;reflection.org&quot; to &quot;reflection.all&quot;.
  XslTransform (v2015.1.12.0)
  Copyright c 2006-2015, Microsoft Corporation, All Rights Reserved.
  Portions Copyright c 2006-2014, Eric Woodruff, All Rights Reserved.
  Applying XSL transformation &#39;C:\Program Files (x86)\EWSoftware\Sandcastle Help File Builder\ProductionTransforms\MergeDuplicates.xsl&#39;.
Done Building Project &quot;C:\Jenkins\workspace\affdex-sdk-win32\build\docs\Affdex\Working\GenerateRefInfo.proj&quot; (default targets).

Build succeeded.

Time Elapsed 00:00:00.86
    Last step completed in 00:00:01.0230
</buildStep>
<buildStep step="TransformReflectionInfo">
Transforming reflection output...
[C:\Program Files (x86)\MSBuild\12.0\bin\MSBuild.exe]
Build started 2/2/2017 4:30:49 PM.
Project &quot;C:\Jenkins\workspace\affdex-sdk-win32\build\docs\Affdex\Working\TransformManifest.proj&quot; on node 1 (default targets).
TransformManifest:
  XslTransform (v2015.1.12.0)
  Copyright c 2006-2015, Microsoft Corporation, All Rights Reserved.
  Portions Copyright c 2006-2014, Eric Woodruff, All Rights Reserved.
  Applying XSL transformation &#39;C:\Program Files (x86)\EWSoftware\Sandcastle Help File Builder\\ProductionTransforms\ApplyVSDocModel.xsl&#39;.
  Copying file from &quot;reflection.xml&quot; to &quot;reflection.nofilenames&quot;.
  XslTransform (v2015.1.12.0)
  Copyright c 2006-2015, Microsoft Corporation, All Rights Reserved.
  Portions Copyright c 2006-2014, Eric Woodruff, All Rights Reserved.
  Applying XSL transformation &#39;C:\Program Files (x86)\EWSoftware\Sandcastle Help File Builder\ProductionTransforms\AddFilenames.xsl&#39;.
  XslTransform (v2015.1.12.0)
  Copyright c 2006-2015, Microsoft Corporation, All Rights Reserved.
  Portions Copyright c 2006-2014, Eric Woodruff, All Rights Reserved.
  Applying XSL transformation &#39;C:\Program Files (x86)\EWSoftware\Sandcastle Help File Builder\ProductionTransforms\ReflectionToManifest.xsl&#39;.
Done Building Project &quot;C:\Jenkins\workspace\affdex-sdk-win32\build\docs\Affdex\Working\TransformManifest.proj&quot; (default targets).

Build succeeded.

Time Elapsed 00:00:00.73
    Last step completed in 00:00:00.8710
</buildStep>
<buildStep step="GenerateNamespaceSummaries">
Generating namespace summary information...
    Last step completed in 00:00:00.0480
</buildStep>
<buildStep step="CopyAdditionalContent">
Copying additional content files...
No additional content to copy
    Last step completed in 00:00:00.0040
</buildStep>
<buildStep step="MergeTablesOfContents">
Merging conceptual and additional tables of contents...
    Last step completed in 00:00:00.0010
</buildStep>
<buildStep step="GenerateIntermediateTableOfContents">
Generating intermediate table of contents file...
[C:\Program Files (x86)\MSBuild\12.0\bin\MSBuild.exe]
Build started 2/2/2017 4:30:50 PM.
Project &quot;C:\Jenkins\workspace\affdex-sdk-win32\build\docs\Affdex\Working\GenerateIntermediateTOC.proj&quot; on node 1 (default targets).
GenerateIntermediateTOC:
  XslTransform (v2015.1.12.0)
  Copyright c 2006-2015, Microsoft Corporation, All Rights Reserved.
  Portions Copyright c 2006-2014, Eric Woodruff, All Rights Reserved.
  Applying XSL transformation &#39;C:\Program Files (x86)\EWSoftware\Sandcastle Help File Builder\\ProductionTransforms\CreateVSToc.xsl&#39;.
Done Building Project &quot;C:\Jenkins\workspace\affdex-sdk-win32\build\docs\Affdex\Working\GenerateIntermediateTOC.proj&quot; (default targets).

Build succeeded.

Time Elapsed 00:00:00.19
Generating conceptual content intermediate TOC file...
    Last step completed in 00:00:00.2870
</buildStep>
<buildStep step="CreateBuildAssemblerConfigs">
Creating Sandcastle configuration files...
    sandcastle.config
    Last step completed in 00:00:00.2480
</buildStep>
<buildStep step="MergeCustomConfigs">
Merging custom build component configurations
C:\Jenkins\workspace\affdex-sdk-win32\build\docs\Affdex\Working\sandcastle.config
    Last step completed in 00:00:00.0490
</buildStep>
<buildStep step="BuildReferenceTopics">
Building reference help topics...
[C:\Program Files (x86)\MSBuild\12.0\bin\MSBuild.exe]
Build started 2/2/2017 4:30:51 PM.
Project &quot;C:\Jenkins\workspace\affdex-sdk-win32\build\docs\Affdex\Working\BuildReferenceTopics.proj&quot; on node 1 (default targets).
BuildReferenceTopics:
  BuildAssembler (v2015.1.12.0)
  Copyright c 2006-2015, Microsoft Corporation, All Rights Reserved.
  Portions Copyright c 2006-2014, Eric Woodruff, All Rights Reserved.
  Loading configuration...
  Processing topics...
BuildAssembler : warning : ShowMissingComponent: [M:Affdex.Detector.getFaceDetectorMode] Missing &lt;returns&gt; documentation [C:\Jenkins\workspace\affdex-sdk-win32\build\docs\Affdex\Working\BuildReferenceTopics.proj]
BuildAssembler : warning : ShowMissingComponent: [M:Affdex.Detector.getMaxNumberFaces] Missing &lt;returns&gt; documentation [C:\Jenkins\workspace\affdex-sdk-win32\build\docs\Affdex\Working\BuildReferenceTopics.proj]
BuildAssembler : warning : ShowMissingComponent: [M:Affdex.ImageListener.onImageResults(System.Collections.Generic.Dictionary{System.Int32,Affdex.Face},Affdex.Frame)] Missing &lt;summary&gt; documentation [C:\Jenkins\workspace\affdex-sdk-win32\build\docs\Affdex\Working\BuildReferenceTopics.proj]
BuildAssembler : warning : ShowMissingComponent: [M:Affdex.ImageListener.onImageResults(System.Collections.Generic.Dictionary{System.Int32,Affdex.Face},Affdex.Frame)] Missing &lt;param name=&quot;faces&quot;/&gt; documentation [C:\Jenkins\workspace\affdex-sdk-win32\build\docs\Affdex\Working\BuildReferenceTopics.proj]
BuildAssembler : warning : ShowMissingComponent: [M:Affdex.ImageListener.onImageResults(System.Collections.Generic.Dictionary{System.Int32,Affdex.Face},Affdex.Frame)] Missing &lt;param name=&quot;frame&quot;/&gt; documentation [C:\Jenkins\workspace\affdex-sdk-win32\build\docs\Affdex\Working\BuildReferenceTopics.proj]
BuildAssembler : warning : ShowMissingComponent: [M:Affdex.Orientation.#ctor(System.Single,System.Single,System.Single)] Missing &lt;param name=&quot;pitch&quot;/&gt; documentation [C:\Jenkins\workspace\affdex-sdk-win32\build\docs\Affdex\Working\BuildReferenceTopics.proj]
BuildAssembler : warning : ShowMissingComponent: [M:Affdex.Orientation.#ctor(System.Single,System.Single,System.Single)] Missing &lt;param name=&quot;yaw&quot;/&gt; documentation [C:\Jenkins\workspace\affdex-sdk-win32\build\docs\Affdex\Working\BuildReferenceTopics.proj]
BuildAssembler : warning : ShowMissingComponent: [M:Affdex.Orientation.#ctor(System.Single,System.Single,System.Single)] Missing &lt;param name=&quot;roll&quot;/&gt; documentation [C:\Jenkins\workspace\affdex-sdk-win32\build\docs\Affdex\Working\BuildReferenceTopics.proj]
BuildAssembler : warning : ShowMissingComponent: [M:Affdex.PhotoDetector.#ctor(System.UInt32,Affdex.FaceDetectorMode)] Missing &lt;param name=&quot;maxNumFaces&quot;/&gt; documentation [C:\Jenkins\workspace\affdex-sdk-win32\build\docs\Affdex\Working\BuildReferenceTopics.proj]
BuildAssembler : warning : ShowMissingComponent: [M:Affdex.PhotoDetector.#ctor(System.UInt32,Affdex.FaceDetectorMode)] Missing &lt;param name=&quot;faceConfig&quot;/&gt; documentation [C:\Jenkins\workspace\affdex-sdk-win32\build\docs\Affdex\Working\BuildReferenceTopics.proj]
  Processed 261 topic(s)
  10 warning(s)
  CopyFromIndexComponent: &quot;reflection&quot; in-memory cache entries used: 4 of 15.
  CopyFromIndexComponent: &quot;comments&quot; in-memory cache entries used: 2 of 30.
Done Building Project &quot;C:\Jenkins\workspace\affdex-sdk-win32\build\docs\Affdex\Working\BuildReferenceTopics.proj&quot; (default targets).

Build succeeded.

Time Elapsed 00:00:25.22
    Last step completed in 00:00:25.4140
</buildStep>
<buildStep step="CombiningIntermediateTocFiles">
Combining conceptual and API intermediate TOC files...

Clearing any prior web output
    Last step completed in 00:00:00.2020
</buildStep>
<buildStep step="ExtractingHtmlInfo">
Extracting HTML info for HTML Help 1 and/or website...
[C:\Program Files (x86)\MSBuild\12.0\bin\MSBuild.exe]
Sandcastle Help File Builder, version 2015.1.12.0
Copyright c 2006-2015, Eric Woodruff, All Rights Reserved
E-Mail: Eric@EWoodruff.us

Using LCID &#39;1033&#39;, code page &#39;65001&#39;, encoding charset &#39;UTF-8&#39;.

Processing website files in C:\Jenkins\workspace\affdex-sdk-win32\build\docs\Affdex\Working\Output\Website
Processed 261 HTML files
Sorting keywords and generating See Also indices
Saving website keyword index to C:\Jenkins\workspace\affdex-sdk-win32\build\docs\Affdex\Working\WebKI.xml
Saving website table of contents to C:\Jenkins\workspace\affdex-sdk-win32\build\docs\Affdex\Working\WebTOC.xml
    Last step completed in 00:00:00.8210
</buildStep>
<buildStep step="CopyStandardHelpContent">
Copying standard help content...
C:\Program Files (x86)\EWSoftware\Sandcastle Help File Builder\PresentationStyles\VS2013\icons\AlertCaution.png -&gt; C:\Jenkins\workspace\affdex-sdk-win32\build\docs\Affdex\Working\Output\Website\icons\AlertCaution.png
C:\Program Files (x86)\EWSoftware\Sandcastle Help File Builder\PresentationStyles\VS2013\icons\AlertNote.png -&gt; C:\Jenkins\workspace\affdex-sdk-win32\build\docs\Affdex\Working\Output\Website\icons\AlertNote.png
C:\Program Files (x86)\EWSoftware\Sandcastle Help File Builder\PresentationStyles\VS2013\icons\AlertSecurity.png -&gt; C:\Jenkins\workspace\affdex-sdk-win32\build\docs\Affdex\Working\Output\Website\icons\AlertSecurity.png
C:\Program Files (x86)\EWSoftware\Sandcastle Help File Builder\PresentationStyles\VS2013\icons\CFW.gif -&gt; C:\Jenkins\workspace\affdex-sdk-win32\build\docs\Affdex\Working\Output\Website\icons\CFW.gif
C:\Program Files (x86)\EWSoftware\Sandcastle Help File Builder\PresentationStyles\VS2013\icons\CodeExample.png -&gt; C:\Jenkins\workspace\affdex-sdk-win32\build\docs\Affdex\Working\Output\Website\icons\CodeExample.png
C:\Program Files (x86)\EWSoftware\Sandcastle Help File Builder\PresentationStyles\VS2013\icons\favicon.ico -&gt; C:\Jenkins\workspace\affdex-sdk-win32\build\docs\Affdex\Working\Output\Website\icons\favicon.ico
C:\Program Files (x86)\EWSoftware\Sandcastle Help File Builder\PresentationStyles\VS2013\icons\privclass.gif -&gt; C:\Jenkins\workspace\affdex-sdk-win32\build\docs\Affdex\Working\Output\Website\icons\privclass.gif
C:\Program Files (x86)\EWSoftware\Sandcastle Help File Builder\PresentationStyles\VS2013\icons\privdelegate.gif -&gt; C:\Jenkins\workspace\affdex-sdk-win32\build\docs\Affdex\Working\Output\Website\icons\privdelegate.gif
C:\Program Files (x86)\EWSoftware\Sandcastle Help File Builder\PresentationStyles\VS2013\icons\privenumeration.gif -&gt; C:\Jenkins\workspace\affdex-sdk-win32\build\docs\Affdex\Working\Output\Website\icons\privenumeration.gif
C:\Program Files (x86)\EWSoftware\Sandcastle Help File Builder\PresentationStyles\VS2013\icons\privevent.gif -&gt; C:\Jenkins\workspace\affdex-sdk-win32\build\docs\Affdex\Working\Output\Website\icons\privevent.gif
C:\Program Files (x86)\EWSoftware\Sandcastle Help File Builder\PresentationStyles\VS2013\icons\privextension.gif -&gt; C:\Jenkins\workspace\affdex-sdk-win32\build\docs\Affdex\Working\Output\Website\icons\privextension.gif
C:\Program Files (x86)\EWSoftware\Sandcastle Help File Builder\PresentationStyles\VS2013\icons\privfield.gif -&gt; C:\Jenkins\workspace\affdex-sdk-win32\build\docs\Affdex\Working\Output\Website\icons\privfield.gif
C:\Program Files (x86)\EWSoftware\Sandcastle Help File Builder\PresentationStyles\VS2013\icons\privinterface.gif -&gt; C:\Jenkins\workspace\affdex-sdk-win32\build\docs\Affdex\Working\Output\Website\icons\privinterface.gif
C:\Program Files (x86)\EWSoftware\Sandcastle Help File Builder\PresentationStyles\VS2013\icons\privmethod.gif -&gt; C:\Jenkins\workspace\affdex-sdk-win32\build\docs\Affdex\Working\Output\Website\icons\privmethod.gif
C:\Program Files (x86)\EWSoftware\Sandcastle Help File Builder\PresentationStyles\VS2013\icons\privproperty.gif -&gt; C:\Jenkins\workspace\affdex-sdk-win32\build\docs\Affdex\Working\Output\Website\icons\privproperty.gif
C:\Program Files (x86)\EWSoftware\Sandcastle Help File Builder\PresentationStyles\VS2013\icons\privstructure.gif -&gt; C:\Jenkins\workspace\affdex-sdk-win32\build\docs\Affdex\Working\Output\Website\icons\privstructure.gif
C:\Program Files (x86)\EWSoftware\Sandcastle Help File Builder\PresentationStyles\VS2013\icons\protclass.gif -&gt; C:\Jenkins\workspace\affdex-sdk-win32\build\docs\Affdex\Working\Output\Website\icons\protclass.gif
C:\Program Files (x86)\EWSoftware\Sandcastle Help File Builder\PresentationStyles\VS2013\icons\protdelegate.gif -&gt; C:\Jenkins\workspace\affdex-sdk-win32\build\docs\Affdex\Working\Output\Website\icons\protdelegate.gif
C:\Program Files (x86)\EWSoftware\Sandcastle Help File Builder\PresentationStyles\VS2013\icons\protenumeration.gif -&gt; C:\Jenkins\workspace\affdex-sdk-win32\build\docs\Affdex\Working\Output\Website\icons\protenumeration.gif
C:\Program Files (x86)\EWSoftware\Sandcastle Help File Builder\PresentationStyles\VS2013\icons\protevent.gif -&gt; C:\Jenkins\workspace\affdex-sdk-win32\build\docs\Affdex\Working\Output\Website\icons\protevent.gif
C:\Program Files (x86)\EWSoftware\Sandcastle Help File Builder\PresentationStyles\VS2013\icons\protextension.gif -&gt; C:\Jenkins\workspace\affdex-sdk-win32\build\docs\Affdex\Working\Output\Website\icons\protextension.gif
C:\Program Files (x86)\EWSoftware\Sandcastle Help File Builder\PresentationStyles\VS2013\icons\protfield.gif -&gt; C:\Jenkins\workspace\affdex-sdk-win32\build\docs\Affdex\Working\Output\Website\icons\protfield.gif
C:\Program Files (x86)\EWSoftware\Sandcastle Help File Builder\PresentationStyles\VS2013\icons\protinterface.gif -&gt; C:\Jenkins\workspace\affdex-sdk-win32\build\docs\Affdex\Working\Output\Website\icons\protinterface.gif
C:\Program Files (x86)\EWSoftware\Sandcastle Help File Builder\PresentationStyles\VS2013\icons\protmethod.gif -&gt; C:\Jenkins\workspace\affdex-sdk-win32\build\docs\Affdex\Working\Output\Website\icons\protmethod.gif
C:\Program Files (x86)\EWSoftware\Sandcastle Help File Builder\PresentationStyles\VS2013\icons\protoperator.gif -&gt; C:\Jenkins\workspace\affdex-sdk-win32\build\docs\Affdex\Working\Output\Website\icons\protoperator.gif
C:\Program Files (x86)\EWSoftware\Sandcastle Help File Builder\PresentationStyles\VS2013\icons\protproperty.gif -&gt; C:\Jenkins\workspace\affdex-sdk-win32\build\docs\Affdex\Working\Output\Website\icons\protproperty.gif
C:\Program Files (x86)\EWSoftware\Sandcastle Help File Builder\PresentationStyles\VS2013\icons\protstructure.gif -&gt; C:\Jenkins\workspace\affdex-sdk-win32\build\docs\Affdex\Working\Output\Website\icons\protstructure.gif
C:\Program Files (x86)\EWSoftware\Sandcastle Help File Builder\PresentationStyles\VS2013\icons\pubclass.gif -&gt; C:\Jenkins\workspace\affdex-sdk-win32\build\docs\Affdex\Working\Output\Website\icons\pubclass.gif
C:\Program Files (x86)\EWSoftware\Sandcastle Help File Builder\PresentationStyles\VS2013\icons\pubdelegate.gif -&gt; C:\Jenkins\workspace\affdex-sdk-win32\build\docs\Affdex\Working\Output\Website\icons\pubdelegate.gif
C:\Program Files (x86)\EWSoftware\Sandcastle Help File Builder\PresentationStyles\VS2013\icons\pubenumeration.gif -&gt; C:\Jenkins\workspace\affdex-sdk-win32\build\docs\Affdex\Working\Output\Website\icons\pubenumeration.gif
C:\Program Files (x86)\EWSoftware\Sandcastle Help File Builder\PresentationStyles\VS2013\icons\pubevent.gif -&gt; C:\Jenkins\workspace\affdex-sdk-win32\build\docs\Affdex\Working\Output\Website\icons\pubevent.gif
C:\Program Files (x86)\EWSoftware\Sandcastle Help File Builder\PresentationStyles\VS2013\icons\pubextension.gif -&gt; C:\Jenkins\workspace\affdex-sdk-win32\build\docs\Affdex\Working\Output\Website\icons\pubextension.gif
C:\Program Files (x86)\EWSoftware\Sandcastle Help File Builder\PresentationStyles\VS2013\icons\pubfield.gif -&gt; C:\Jenkins\workspace\affdex-sdk-win32\build\docs\Affdex\Working\Output\Website\icons\pubfield.gif
C:\Program Files (x86)\EWSoftware\Sandcastle Help File Builder\PresentationStyles\VS2013\icons\pubinterface.gif -&gt; C:\Jenkins\workspace\affdex-sdk-win32\build\docs\Affdex\Working\Output\Website\icons\pubinterface.gif
C:\Program Files (x86)\EWSoftware\Sandcastle Help File Builder\PresentationStyles\VS2013\icons\pubmethod.gif -&gt; C:\Jenkins\workspace\affdex-sdk-win32\build\docs\Affdex\Working\Output\Website\icons\pubmethod.gif
C:\Program Files (x86)\EWSoftware\Sandcastle Help File Builder\PresentationStyles\VS2013\icons\puboperator.gif -&gt; C:\Jenkins\workspace\affdex-sdk-win32\build\docs\Affdex\Working\Output\Website\icons\puboperator.gif
C:\Program Files (x86)\EWSoftware\Sandcastle Help File Builder\PresentationStyles\VS2013\icons\pubproperty.gif -&gt; C:\Jenkins\workspace\affdex-sdk-win32\build\docs\Affdex\Working\Output\Website\icons\pubproperty.gif
C:\Program Files (x86)\EWSoftware\Sandcastle Help File Builder\PresentationStyles\VS2013\icons\pubstructure.gif -&gt; C:\Jenkins\workspace\affdex-sdk-win32\build\docs\Affdex\Working\Output\Website\icons\pubstructure.gif
C:\Program Files (x86)\EWSoftware\Sandcastle Help File Builder\PresentationStyles\VS2013\icons\SectionCollapsed.png -&gt; C:\Jenkins\workspace\affdex-sdk-win32\build\docs\Affdex\Working\Output\Website\icons\SectionCollapsed.png
C:\Program Files (x86)\EWSoftware\Sandcastle Help File Builder\PresentationStyles\VS2013\icons\SectionExpanded.png -&gt; C:\Jenkins\workspace\affdex-sdk-win32\build\docs\Affdex\Working\Output\Website\icons\SectionExpanded.png
C:\Program Files (x86)\EWSoftware\Sandcastle Help File Builder\PresentationStyles\VS2013\icons\slMobile.gif -&gt; C:\Jenkins\workspace\affdex-sdk-win32\build\docs\Affdex\Working\Output\Website\icons\slMobile.gif
C:\Program Files (x86)\EWSoftware\Sandcastle Help File Builder\PresentationStyles\VS2013\icons\static.gif -&gt; C:\Jenkins\workspace\affdex-sdk-win32\build\docs\Affdex\Working\Output\Website\icons\static.gif
C:\Program Files (x86)\EWSoftware\Sandcastle Help File Builder\PresentationStyles\VS2013\icons\xna.gif -&gt; C:\Jenkins\workspace\affdex-sdk-win32\build\docs\Affdex\Working\Output\Website\icons\xna.gif
C:\Program Files (x86)\EWSoftware\Sandcastle Help File Builder\PresentationStyles\VS2013\scripts\branding.js -&gt; C:\Jenkins\workspace\affdex-sdk-win32\build\docs\Affdex\Working\Output\Website\scripts\branding.js
C:\Program Files (x86)\EWSoftware\Sandcastle Help File Builder\PresentationStyles\VS2013\styles\branding-cs-CZ.css -&gt; C:\Jenkins\workspace\affdex-sdk-win32\build\docs\Affdex\Working\Output\Website\styles\branding-cs-CZ.css
C:\Program Files (x86)\EWSoftware\Sandcastle Help File Builder\PresentationStyles\VS2013\styles\branding-de-DE.css -&gt; C:\Jenkins\workspace\affdex-sdk-win32\build\docs\Affdex\Working\Output\Website\styles\branding-de-DE.css
C:\Program Files (x86)\EWSoftware\Sandcastle Help File Builder\PresentationStyles\VS2013\styles\branding-en-US.css -&gt; C:\Jenkins\workspace\affdex-sdk-win32\build\docs\Affdex\Working\Output\Website\styles\branding-en-US.css
C:\Program Files (x86)\EWSoftware\Sandcastle Help File Builder\PresentationStyles\VS2013\styles\branding-es-ES.css -&gt; C:\Jenkins\workspace\affdex-sdk-win32\build\docs\Affdex\Working\Output\Website\styles\branding-es-ES.css
C:\Program Files (x86)\EWSoftware\Sandcastle Help File Builder\PresentationStyles\VS2013\styles\branding-fr-FR.css -&gt; C:\Jenkins\workspace\affdex-sdk-win32\build\docs\Affdex\Working\Output\Website\styles\branding-fr-FR.css
C:\Program Files (x86)\EWSoftware\Sandcastle Help File Builder\PresentationStyles\VS2013\styles\branding-Help1.css -&gt; C:\Jenkins\workspace\affdex-sdk-win32\build\docs\Affdex\Working\Output\Website\styles\branding-Help1.css
C:\Program Files (x86)\EWSoftware\Sandcastle Help File Builder\PresentationStyles\VS2013\styles\branding-Help2.css -&gt; C:\Jenkins\workspace\affdex-sdk-win32\build\docs\Affdex\Working\Output\Website\styles\branding-Help2.css
C:\Program Files (x86)\EWSoftware\Sandcastle Help File Builder\PresentationStyles\VS2013\styles\branding-HelpViewer.css -&gt; C:\Jenkins\workspace\affdex-sdk-win32\build\docs\Affdex\Working\Output\Website\styles\branding-HelpViewer.css
C:\Program Files (x86)\EWSoftware\Sandcastle Help File Builder\PresentationStyles\VS2013\styles\branding-it-IT.css -&gt; C:\Jenkins\workspace\affdex-sdk-win32\build\docs\Affdex\Working\Output\Website\styles\branding-it-IT.css
C:\Program Files (x86)\EWSoftware\Sandcastle Help File Builder\PresentationStyles\VS2013\styles\branding-ja-JP.css -&gt; C:\Jenkins\workspace\affdex-sdk-win32\build\docs\Affdex\Working\Output\Website\styles\branding-ja-JP.css
C:\Program Files (x86)\EWSoftware\Sandcastle Help File Builder\PresentationStyles\VS2013\styles\branding-ko-KR.css -&gt; C:\Jenkins\workspace\affdex-sdk-win32\build\docs\Affdex\Working\Output\Website\styles\branding-ko-KR.css
C:\Program Files (x86)\EWSoftware\Sandcastle Help File Builder\PresentationStyles\VS2013\styles\branding-pl-PL.css -&gt; C:\Jenkins\workspace\affdex-sdk-win32\build\docs\Affdex\Working\Output\Website\styles\branding-pl-PL.css
C:\Program Files (x86)\EWSoftware\Sandcastle Help File Builder\PresentationStyles\VS2013\styles\branding-pt-BR.css -&gt; C:\Jenkins\workspace\affdex-sdk-win32\build\docs\Affdex\Working\Output\Website\styles\branding-pt-BR.css
C:\Program Files (x86)\EWSoftware\Sandcastle Help File Builder\PresentationStyles\VS2013\styles\branding-ru-RU.css -&gt; C:\Jenkins\workspace\affdex-sdk-win32\build\docs\Affdex\Working\Output\Website\styles\branding-ru-RU.css
C:\Program Files (x86)\EWSoftware\Sandcastle Help File Builder\PresentationStyles\VS2013\styles\branding-tr-TR.css -&gt; C:\Jenkins\workspace\affdex-sdk-win32\build\docs\Affdex\Working\Output\Website\styles\branding-tr-TR.css
C:\Program Files (x86)\EWSoftware\Sandcastle Help File Builder\PresentationStyles\VS2013\styles\branding-Website.css -&gt; C:\Jenkins\workspace\affdex-sdk-win32\build\docs\Affdex\Working\Output\Website\styles\branding-Website.css
C:\Program Files (x86)\EWSoftware\Sandcastle Help File Builder\PresentationStyles\VS2013\styles\branding-zh-CN.css -&gt; C:\Jenkins\workspace\affdex-sdk-win32\build\docs\Affdex\Working\Output\Website\styles\branding-zh-CN.css
C:\Program Files (x86)\EWSoftware\Sandcastle Help File Builder\PresentationStyles\VS2013\styles\branding-zh-TW.css -&gt; C:\Jenkins\workspace\affdex-sdk-win32\build\docs\Affdex\Working\Output\Website\styles\branding-zh-TW.css
C:\Program Files (x86)\EWSoftware\Sandcastle Help File Builder\PresentationStyles\VS2013\styles\branding.css -&gt; C:\Jenkins\workspace\affdex-sdk-win32\build\docs\Affdex\Working\Output\Website\styles\branding.css
C:\Program Files (x86)\EWSoftware\Sandcastle Help File Builder\PresentationStyles\VS2013\Web\index.html -&gt; C:\Jenkins\workspace\affdex-sdk-win32\build\docs\Affdex\Working\Output\Website\index.html
C:\Program Files (x86)\EWSoftware\Sandcastle Help File Builder\PresentationStyles\VS2013\Web\search.html -&gt; C:\Jenkins\workspace\affdex-sdk-win32\build\docs\Affdex\Working\Output\Website\search.html
C:\Program Files (x86)\EWSoftware\Sandcastle Help File Builder\PresentationStyles\VS2013\Web\SearchHelp.aspx -&gt; C:\Jenkins\workspace\affdex-sdk-win32\build\docs\Affdex\Working\Output\Website\SearchHelp.aspx
C:\Program Files (x86)\EWSoftware\Sandcastle Help File Builder\PresentationStyles\VS2013\Web\SearchHelp.inc.php -&gt; C:\Jenkins\workspace\affdex-sdk-win32\build\docs\Affdex\Working\Output\Website\SearchHelp.inc.php
C:\Program Files (x86)\EWSoftware\Sandcastle Help File Builder\PresentationStyles\VS2013\Web\SearchHelp.php -&gt; C:\Jenkins\workspace\affdex-sdk-win32\build\docs\Affdex\Working\Output\Website\SearchHelp.php
C:\Program Files (x86)\EWSoftware\Sandcastle Help File Builder\PresentationStyles\VS2013\Web\Web.Config -&gt; C:\Jenkins\workspace\affdex-sdk-win32\build\docs\Affdex\Working\Output\Website\Web.Config
C:\Program Files (x86)\EWSoftware\Sandcastle Help File Builder\PresentationStyles\VS2013\Web\icons\Search.png -&gt; C:\Jenkins\workspace\affdex-sdk-win32\build\docs\Affdex\Working\Output\Website\icons\Search.png
C:\Program Files (x86)\EWSoftware\Sandcastle Help File Builder\PresentationStyles\VS2013\Web\icons\TocClose.gif -&gt; C:\Jenkins\workspace\affdex-sdk-win32\build\docs\Affdex\Working\Output\Website\icons\TocClose.gif
C:\Program Files (x86)\EWSoftware\Sandcastle Help File Builder\PresentationStyles\VS2013\Web\icons\TocCollapsed.gif -&gt; C:\Jenkins\workspace\affdex-sdk-win32\build\docs\Affdex\Working\Output\Website\icons\TocCollapsed.gif
C:\Program Files (x86)\EWSoftware\Sandcastle Help File Builder\PresentationStyles\VS2013\Web\icons\TocExpanded.gif -&gt; C:\Jenkins\workspace\affdex-sdk-win32\build\docs\Affdex\Working\Output\Website\icons\TocExpanded.gif
C:\Program Files (x86)\EWSoftware\Sandcastle Help File Builder\PresentationStyles\VS2013\Web\icons\TocOpen.gif -&gt; C:\Jenkins\workspace\affdex-sdk-win32\build\docs\Affdex\Working\Output\Website\icons\TocOpen.gif
C:\Program Files (x86)\EWSoftware\Sandcastle Help File Builder\PresentationStyles\VS2013\Web\scripts\branding-Website.js -&gt; C:\Jenkins\workspace\affdex-sdk-win32\build\docs\Affdex\Working\Output\Website\scripts\branding-Website.js
C:\Program Files (x86)\EWSoftware\Sandcastle Help File Builder\PresentationStyles\VS2013\Web\scripts\jquery-1.11.0.min.js -&gt; C:\Jenkins\workspace\affdex-sdk-win32\build\docs\Affdex\Working\Output\Website\scripts\jquery-1.11.0.min.js
    Last step completed in 00:00:00.5740
</buildStep>
<buildStep step="GenerateHelpFormatTableOfContents">
Generating website table of contents file...
    Last step completed in 00:00:00.0010
</buildStep>
<buildStep step="GenerateFullTextIndex">
Generating full-text index for the website...

<plugIn name="Lightweight Website Style" behavior="After" priority="1000">
Adding lightweight search and TOC elements to each topic...
</plugIn>    Last step completed in 00:00:01.6210
</buildStep>
<buildStep step="CopyingWebsiteFiles">
Copying website files to output folder...

Copied 100 files
Copied 200 files
Copied 300 files
Copied 400 files
Copied 412 files for the website content
    Last step completed in 00:00:00.4580
</buildStep>
<buildStep step="CleanIntermediates">
Removing intermediate files...
    Last step completed in 00:00:00.4530
</buildStep>
<buildStep step="Completed">

Build completed successfully at 2/2/2017 4:31:20 PM.  Total time: 00:00:33.2500

</buildStep>
</shfbBuild>
